<?xml version="1.0" encoding="UTF-8"?>
<!-- Generated by org.testng.reporters.JUnitReportReporter -->
<testsuite hostname="DESKTOP-JVUDO4G" failures="0" tests="2" name="Framework.testng.Class4" time="0.017" errors="0" timestamp="2023-12-22T15:38:07 PKT" skipped="0">
  <testcase classname="Framework.testng.Class4" name="class14" time="0.009"/>
  <testcase classname="Framework.testng.Class4" name="class13" time="0.008"/>
</testsuite> <!-- Framework.testng.Class4 -->
