<?xml version="1.0" encoding="UTF-8"?>
<!-- Generated by org.testng.reporters.JUnitReportReporter -->
<testsuite hostname="DESKTOP-JVUDO4G" failures="0" tests="4" name="grouping.testng.new1" time="0.037" errors="0" timestamp="2023-12-26T13:53:11 PKT" skipped="0">
  <testcase classname="grouping.testng.new1" name="group3" time="0.003"/>
  <testcase classname="grouping.testng.new1" name="group1" time="0.026"/>
  <testcase classname="grouping.testng.new1" name="group2" time="0.004"/>
  <testcase classname="grouping.testng.new1" name="group4" time="0.004"/>
</testsuite> <!-- grouping.testng.new1 -->
