<?xml version="1.0" encoding="UTF-8"?>
<!-- Generated by org.testng.reporters.JUnitReportReporter -->
<testsuite hostname="DESKTOP-JVUDO4G" failures="0" tests="4" name="grouping.testng.class1" time="0.041" errors="0" timestamp="2023-12-26T13:44:45 PKT" skipped="0">
  <testcase classname="grouping.testng.class1" name="group4" time="0.006"/>
  <testcase classname="grouping.testng.class1" name="group1" time="0.025"/>
  <testcase classname="grouping.testng.class1" name="group2" time="0.004"/>
  <testcase classname="grouping.testng.class1" name="group3" time="0.006"/>
</testsuite> <!-- grouping.testng.class1 -->
