<?xml version="1.0" encoding="UTF-8"?>
<!-- Generated by org.testng.reporters.JUnitReportReporter -->
<testsuite hostname="DESKTOP-JVUDO4G" failures="0" tests="2" name="annotations.testng.Class4" time="0.021" errors="0" timestamp="2023-12-26T18:30:00 PKT" skipped="0">
  <testcase classname="annotations.testng.Class4" name="class14" time="0.018"/>
  <testcase classname="annotations.testng.Class4" name="class13" time="0.003"/>
</testsuite> <!-- annotations.testng.Class4 -->
