<?xml version="1.0" encoding="UTF-8"?>
<!-- Generated by org.testng.reporters.JUnitReportReporter -->
<testsuite hostname="DESKTOP-JVUDO4G" failures="0" tests="4" name="annotations.testng.Class2" time="0.070" errors="0" timestamp="2023-12-26T18:30:00 PKT" skipped="0">
  <testcase classname="annotations.testng.Class2" name="Test7" time="0.002"/>
  <testcase classname="annotations.testng.Class2" name="Test8" time="0.010"/>
  <testcase classname="annotations.testng.Class2" name="Test5" time="0.047"/>
  <testcase classname="annotations.testng.Class2" name="Test6" time="0.011"/>
</testsuite> <!-- annotations.testng.Class2 -->
