<?xml version="1.0" encoding="UTF-8"?>
<!-- Generated by org.testng.reporters.JUnitReportReporter -->
<testsuite hostname="DESKTOP-JVUDO4G" failures="0" tests="2" name="Framework.testng.Class1" time="0.006" errors="0" timestamp="2023-12-26T12:00:36 PKT" skipped="0">
  <testcase classname="Framework.testng.Class1" name="test3" time="0.004"/>
  <testcase classname="Framework.testng.Class1" name="test2" time="0.002"/>
</testsuite> <!-- Framework.testng.Class1 -->
