<?xml version="1.0" encoding="UTF-8"?>
<!-- Generated by org.testng.reporters.JUnitReportReporter -->
<testsuite hostname="DESKTOP-JVUDO4G" failures="0" tests="2" name="Framework.testng.Class2" time="0.014" errors="0" timestamp="2023-12-26T12:00:36 PKT" skipped="0">
  <testcase classname="Framework.testng.Class2" name="Test6" time="0.011"/>
  <testcase classname="Framework.testng.Class2" name="Test7" time="0.003"/>
</testsuite> <!-- Framework.testng.Class2 -->
