<?xml version="1.0" encoding="UTF-8"?>
<!-- Generated by org.testng.reporters.JUnitReportReporter -->
<testsuite hostname="DESKTOP-JVUDO4G" failures="0" tests="4" name="Framework.testng.Class3" time="0.078" errors="0" timestamp="2023-12-26T12:00:36 PKT" skipped="0">
  <testcase classname="Framework.testng.Class3" name="Test9" time="0.007"/>
  <testcase classname="Framework.testng.Class3" name="Test12" time="0.007"/>
  <testcase classname="Framework.testng.Class3" name="Test10" time="0.054"/>
  <testcase classname="Framework.testng.Class3" name="Test11" time="0.010"/>
</testsuite> <!-- Framework.testng.Class3 -->
