<?xml version="1.0" encoding="UTF-8"?>
<!-- Generated by org.testng.reporters.JUnitReportReporter -->
<testsuite hostname="DESKTOP-JVUDO4G" failures="0" tests="4" name="annotations.testng.Class3" time="0.058" errors="0" timestamp="2023-12-26T18:30:00 PKT" skipped="0">
  <testcase classname="annotations.testng.Class3" name="Test12" time="0.013"/>
  <testcase classname="annotations.testng.Class3" name="Test9" time="0.004"/>
  <testcase classname="annotations.testng.Class3" name="Test11" time="0.018"/>
  <testcase classname="annotations.testng.Class3" name="Test10" time="0.023"/>
</testsuite> <!-- annotations.testng.Class3 -->
